2016-06-25 22:16:27.227+0000 INFO  [o.n.k.i.f.CommunityFacadeFactory] No locking implementation specified, defaulting to 'community'
2016-06-25 22:16:27.421+0000 INFO  [o.n.k.AvailabilityGuard] Requirement makes database unavailable: Database available
2016-06-25 22:16:27.461+0000 INFO  [o.n.k.i.DiagnosticsManager] --- INITIALIZED diagnostics START ---
2016-06-25 22:16:27.461+0000 INFO  [o.n.k.i.DiagnosticsManager] Neo4j Kernel properties:
2016-06-25 22:16:27.461+0000 INFO  [o.n.k.i.DiagnosticsManager] unsupported.dbms.edition=community
2016-06-25 22:16:27.461+0000 INFO  [o.n.k.i.DiagnosticsManager] unsupported.dbms.directories.neo4j_home=/Users/epi/Documents/workspace/convert-rdf-neo/src/main/resources/pizza.neo
2016-06-25 22:16:27.462+0000 INFO  [o.n.k.i.DiagnosticsManager] unsupported.dbms.ephemeral=false
2016-06-25 22:16:27.462+0000 INFO  [o.n.k.i.DiagnosticsManager] Diagnostics providers:
2016-06-25 22:16:27.462+0000 INFO  [o.n.k.i.DiagnosticsManager] org.neo4j.kernel.configuration.Config
2016-06-25 22:16:27.462+0000 INFO  [o.n.k.i.DiagnosticsManager] org.neo4j.kernel.info.DiagnosticsManager
2016-06-25 22:16:27.462+0000 INFO  [o.n.k.i.DiagnosticsManager] SYSTEM_MEMORY
2016-06-25 22:16:27.462+0000 INFO  [o.n.k.i.DiagnosticsManager] JAVA_MEMORY
2016-06-25 22:16:27.462+0000 INFO  [o.n.k.i.DiagnosticsManager] OPERATING_SYSTEM
2016-06-25 22:16:27.462+0000 INFO  [o.n.k.i.DiagnosticsManager] JAVA_VIRTUAL_MACHINE
2016-06-25 22:16:27.462+0000 INFO  [o.n.k.i.DiagnosticsManager] CLASSPATH
2016-06-25 22:16:27.462+0000 INFO  [o.n.k.i.DiagnosticsManager] LIBRARY_PATH
2016-06-25 22:16:27.462+0000 INFO  [o.n.k.i.DiagnosticsManager] SYSTEM_PROPERTIES
2016-06-25 22:16:27.463+0000 INFO  [o.n.k.i.DiagnosticsManager] NETWORK
2016-06-25 22:16:27.463+0000 INFO  [o.n.k.i.DiagnosticsManager] System memory information:
2016-06-25 22:16:27.469+0000 INFO  [o.n.k.i.DiagnosticsManager] Total Physical memory: 8.00 GB
2016-06-25 22:16:27.470+0000 INFO  [o.n.k.i.DiagnosticsManager] Free Physical memory: 63.25 MB
2016-06-25 22:16:27.471+0000 INFO  [o.n.k.i.DiagnosticsManager] Committed virtual memory: 5.76 GB
2016-06-25 22:16:27.472+0000 INFO  [o.n.k.i.DiagnosticsManager] Total swap space: 2.00 GB
2016-06-25 22:16:27.472+0000 INFO  [o.n.k.i.DiagnosticsManager] Free swap space: 1.28 GB
2016-06-25 22:16:27.472+0000 INFO  [o.n.k.i.DiagnosticsManager] JVM memory information:
2016-06-25 22:16:27.472+0000 INFO  [o.n.k.i.DiagnosticsManager] Free  memory: 84.54 MB
2016-06-25 22:16:27.473+0000 INFO  [o.n.k.i.DiagnosticsManager] Total memory: 123.00 MB
2016-06-25 22:16:27.473+0000 INFO  [o.n.k.i.DiagnosticsManager] Max   memory: 1.78 GB
2016-06-25 22:16:27.481+0000 INFO  [o.n.k.i.DiagnosticsManager] Garbage Collector: PS Scavenge: [PS Eden Space, PS Survivor Space]
2016-06-25 22:16:27.481+0000 INFO  [o.n.k.i.DiagnosticsManager] Garbage Collector: PS MarkSweep: [PS Eden Space, PS Survivor Space, PS Old Gen]
2016-06-25 22:16:27.483+0000 INFO  [o.n.k.i.DiagnosticsManager] Memory Pool: Code Cache (Non-heap memory): committed=3.50 MB, used=3.47 MB, max=240.00 MB, threshold=0.00 B
2016-06-25 22:16:27.486+0000 INFO  [o.n.k.i.DiagnosticsManager] Memory Pool: Metaspace (Non-heap memory): committed=9.50 MB, used=9.02 MB, max=-1.00 B, threshold=0.00 B
2016-06-25 22:16:27.487+0000 INFO  [o.n.k.i.DiagnosticsManager] Memory Pool: Compressed Class Space (Non-heap memory): committed=1.25 MB, used=1.15 MB, max=1.00 GB, threshold=0.00 B
2016-06-25 22:16:27.491+0000 INFO  [o.n.k.i.DiagnosticsManager] Memory Pool: PS Eden Space (Heap memory): committed=32.50 MB, used=11.73 MB, max=672.50 MB, threshold=?
2016-06-25 22:16:27.491+0000 INFO  [o.n.k.i.DiagnosticsManager] Memory Pool: PS Survivor Space (Heap memory): committed=5.00 MB, used=4.97 MB, max=5.00 MB, threshold=?
2016-06-25 22:16:27.492+0000 INFO  [o.n.k.i.DiagnosticsManager] Memory Pool: PS Old Gen (Heap memory): committed=85.50 MB, used=21.76 MB, max=1.33 GB, threshold=0.00 B
2016-06-25 22:16:27.492+0000 INFO  [o.n.k.i.DiagnosticsManager] Operating system information:
2016-06-25 22:16:27.494+0000 INFO  [o.n.k.i.DiagnosticsManager] Operating System: Mac OS X; version: 10.11.5; arch: x86_64; cpus: 4
2016-06-25 22:16:27.495+0000 INFO  [o.n.k.i.DiagnosticsManager] Max number of file descriptors: 10240
2016-06-25 22:16:27.496+0000 INFO  [o.n.k.i.DiagnosticsManager] Number of open file descriptors: 152
2016-06-25 22:16:27.511+0000 INFO  [o.n.k.i.DiagnosticsManager] Process id: 70487@mbp-di-Matteo.lan
2016-06-25 22:16:27.511+0000 INFO  [o.n.k.i.DiagnosticsManager] Byte order: LITTLE_ENDIAN
2016-06-25 22:16:27.511+0000 INFO  [o.n.k.i.DiagnosticsManager] Local timezone: Europe/London
2016-06-25 22:16:27.511+0000 INFO  [o.n.k.i.DiagnosticsManager] JVM information:
2016-06-25 22:16:27.512+0000 INFO  [o.n.k.i.DiagnosticsManager] VM Name: Java HotSpot(TM) 64-Bit Server VM
2016-06-25 22:16:27.512+0000 INFO  [o.n.k.i.DiagnosticsManager] VM Vendor: Oracle Corporation
2016-06-25 22:16:27.512+0000 INFO  [o.n.k.i.DiagnosticsManager] VM Version: 25.91-b14
2016-06-25 22:16:27.512+0000 INFO  [o.n.k.i.DiagnosticsManager] JIT compiler: HotSpot 64-Bit Tiered Compilers
2016-06-25 22:16:27.513+0000 INFO  [o.n.k.i.DiagnosticsManager] VM Arguments: [-Didea.launcher.port=7537, -Didea.launcher.bin.path=/Applications/IntelliJ IDEA CE.app/Contents/bin, -Dfile.encoding=UTF-8]
2016-06-25 22:16:27.513+0000 INFO  [o.n.k.i.DiagnosticsManager] Java classpath:
2016-06-25 22:16:27.518+0000 INFO  [o.n.k.i.DiagnosticsManager]  [classpath + loader.0] file:/Users/epi/.m2/repository/org/eclipse/rdf4j/rdf4j-sail-nativerdf/2.0M2/rdf4j-sail-nativerdf-2.0M2.jar
2016-06-25 22:16:27.518+0000 INFO  [o.n.k.i.DiagnosticsManager]  [classpath + loader.0] file:/Users/epi/.m2/repository/org/eclipse/rdf4j/rdf4j-repository-api/2.0M2/rdf4j-repository-api-2.0M2.jar
2016-06-25 22:16:27.519+0000 INFO  [o.n.k.i.DiagnosticsManager]  [bootstrap + classpath + loader.0] file:/Library/Java/JavaVirtualMachines/jdk1.8.0_91.jdk/Contents/Home/jre/lib/resources.jar
2016-06-25 22:16:27.519+0000 INFO  [o.n.k.i.DiagnosticsManager]  [classpath + loader.0] file:/Users/epi/.m2/repository/org/slf4j/jcl-over-slf4j/1.7.9/jcl-over-slf4j-1.7.9.jar
2016-06-25 22:16:27.519+0000 INFO  [o.n.k.i.DiagnosticsManager]  [classpath + loader.0] file:/Users/epi/.m2/repository/com/fasterxml/jackson/core/jackson-databind/2.3.3/jackson-databind-2.3.3.jar
2016-06-25 22:16:27.519+0000 INFO  [o.n.k.i.DiagnosticsManager]  [classpath + loader.0] file:/Users/epi/.m2/repository/org/neo4j/neo4j-consistency-check/3.1.0-M03/neo4j-consistency-check-3.1.0-M03.jar
2016-06-25 22:16:27.519+0000 INFO  [o.n.k.i.DiagnosticsManager]  [classpath + loader.0] file:/Users/epi/.m2/repository/com/spatial4j/spatial4j/0.4.1/spatial4j-0.4.1.jar
2016-06-25 22:16:27.519+0000 INFO  [o.n.k.i.DiagnosticsManager]  [classpath + loader.0] file:/Users/epi/.m2/repository/org/eclipse/rdf4j/rdf4j-sail-lucene-api/2.0M2/rdf4j-sail-lucene-api-2.0M2.jar
2016-06-25 22:16:27.519+0000 INFO  [o.n.k.i.DiagnosticsManager]  [classpath + loader.0] file:/Users/epi/.m2/repository/org/eclipse/rdf4j/rdf4j-rio-ntriples/2.0M2/rdf4j-rio-ntriples-2.0M2.jar
2016-06-25 22:16:27.519+0000 INFO  [o.n.k.i.DiagnosticsManager]  [classpath + loader.0] file:/Users/epi/.m2/repository/org/eclipse/rdf4j/rdf4j-rio-turtle/2.0M2/rdf4j-rio-turtle-2.0M2.jar
2016-06-25 22:16:27.519+0000 INFO  [o.n.k.i.DiagnosticsManager]  [classpath + loader.0] file:/Users/epi/.m2/repository/org/neo4j/neo4j-io/3.1.0-M03/neo4j-io-3.1.0-M03.jar
2016-06-25 22:16:27.519+0000 INFO  [o.n.k.i.DiagnosticsManager]  [classpath + loader.0] file:/Users/epi/.m2/repository/org/eclipse/rdf4j/rdf4j-rio-n3/2.0M2/rdf4j-rio-n3-2.0M2.jar
2016-06-25 22:16:27.519+0000 INFO  [o.n.k.i.DiagnosticsManager]  [classpath + loader.0] file:/Users/epi/.m2/repository/org/neo4j/neo4j-collections/3.1.0-M03/neo4j-collections-3.1.0-M03.jar
2016-06-25 22:16:27.519+0000 INFO  [o.n.k.i.DiagnosticsManager]  [bootstrap] /Library/Java/JavaVirtualMachines/jdk1.8.0_91.jdk/Contents/Home/jre/lib/sunrsasign.jar
2016-06-25 22:16:27.519+0000 INFO  [o.n.k.i.DiagnosticsManager]  [classpath + loader.0] file:/Library/Java/JavaVirtualMachines/jdk1.8.0_91.jdk/Contents/Home/jre/lib/management-agent.jar
2016-06-25 22:16:27.519+0000 INFO  [o.n.k.i.DiagnosticsManager]  [classpath + loader.0] file:/Users/epi/.m2/repository/org/eclipse/rdf4j/rdf4j-queryresultio-binary/2.0M2/rdf4j-queryresultio-binary-2.0M2.jar
2016-06-25 22:16:27.519+0000 INFO  [o.n.k.i.DiagnosticsManager]  [classpath + loader.0] file:/Users/epi/.m2/repository/org/eclipse/rdf4j/rdf4j-queryrender/2.0M2/rdf4j-queryrender-2.0M2.jar
2016-06-25 22:16:27.519+0000 INFO  [o.n.k.i.DiagnosticsManager]  [classpath + loader.0] file:/Users/epi/.m2/repository/org/neo4j/neo4j-cypher-frontend-2.3/2.3.4/neo4j-cypher-frontend-2.3-2.3.4.jar
2016-06-25 22:16:27.519+0000 INFO  [o.n.k.i.DiagnosticsManager]  [classpath + loader.0] file:/Users/epi/.m2/repository/org/eclipse/rdf4j/rdf4j-repository-http/2.0M2/rdf4j-repository-http-2.0M2.jar
2016-06-25 22:16:27.520+0000 INFO  [o.n.k.i.DiagnosticsManager]  [classpath + loader.0] file:/Users/epi/.m2/repository/org/eclipse/rdf4j/rdf4j-repository-event/2.0M2/rdf4j-repository-event-2.0M2.jar
2016-06-25 22:16:27.520+0000 INFO  [o.n.k.i.DiagnosticsManager]  [classpath + loader.0] file:/Users/epi/.m2/repository/org/eclipse/rdf4j/rdf4j-sail-inferencer/2.0M2/rdf4j-sail-inferencer-2.0M2.jar
2016-06-25 22:16:27.520+0000 INFO  [o.n.k.i.DiagnosticsManager]  [classpath + loader.0] file:/Users/epi/.m2/repository/org/mapdb/mapdb/1.0.8/mapdb-1.0.8.jar
2016-06-25 22:16:27.520+0000 INFO  [o.n.k.i.DiagnosticsManager]  [classpath + loader.0] file:/Users/epi/.m2/repository/org/eclipse/rdf4j/rdf4j-repository-manager/2.0M2/rdf4j-repository-manager-2.0M2.jar
2016-06-25 22:16:27.520+0000 INFO  [o.n.k.i.DiagnosticsManager]  [loader.0] file:/Applications/IntelliJ%20IDEA%20CE.app/Contents/lib/idea_rt.jar
2016-06-25 22:16:27.520+0000 INFO  [o.n.k.i.DiagnosticsManager]  [classpath + loader.0] file:/Users/epi/.m2/repository/commons-io/commons-io/2.4/commons-io-2.4.jar
2016-06-25 22:16:27.520+0000 INFO  [o.n.k.i.DiagnosticsManager]  [classpath + loader.0] file:/Users/epi/.m2/repository/org/eclipse/rdf4j/rdf4j-runtime/2.0M2/rdf4j-runtime-2.0M2.jar
2016-06-25 22:16:27.520+0000 INFO  [o.n.k.i.DiagnosticsManager]  [classpath + loader.0] file:/Users/epi/.m2/repository/org/apache/commons/commons-lang3/3.3.2/commons-lang3-3.3.2.jar
2016-06-25 22:16:27.520+0000 INFO  [o.n.k.i.DiagnosticsManager]  [classpath + loader.0] file:/Users/epi/.m2/repository/org/ow2/asm/asm/5.0.4/asm-5.0.4.jar
2016-06-25 22:16:27.520+0000 INFO  [o.n.k.i.DiagnosticsManager]  [classpath + loader.0] file:/Users/epi/.m2/repository/org/apache/httpcomponents/fluent-hc/4.2.5/fluent-hc-4.2.5.jar
2016-06-25 22:16:27.520+0000 INFO  [o.n.k.i.DiagnosticsManager]  [classpath + loader.0] file:/Users/epi/.m2/repository/org/apache/httpcomponents/httpcore-nio/4.2.5/httpcore-nio-4.2.5.jar
2016-06-25 22:16:27.520+0000 INFO  [o.n.k.i.DiagnosticsManager]  [classpath + loader.0] file:/Users/epi/.m2/repository/org/neo4j/neo4j-kernel/3.1.0-M03/neo4j-kernel-3.1.0-M03.jar
2016-06-25 22:16:27.520+0000 INFO  [o.n.k.i.DiagnosticsManager]  [classpath + loader.0] file:/Users/epi/.m2/repository/org/eclipse/rdf4j/rdf4j-repository-sail/2.0M2/rdf4j-repository-sail-2.0M2.jar
2016-06-25 22:16:27.520+0000 INFO  [o.n.k.i.DiagnosticsManager]  [classpath + loader.0] file:/Users/epi/.m2/repository/org/eclipse/rdf4j/rdf4j-rio-trig/2.0M2/rdf4j-rio-trig-2.0M2.jar
2016-06-25 22:16:27.520+0000 INFO  [o.n.k.i.DiagnosticsManager]  [classpath + loader.0] file:/Users/epi/.m2/repository/org/neo4j/neo4j-csv/3.1.0-M03/neo4j-csv-3.1.0-M03.jar
2016-06-25 22:16:27.520+0000 INFO  [o.n.k.i.DiagnosticsManager]  [classpath + loader.0] file:/Users/epi/.m2/repository/org/eclipse/rdf4j/rdf4j-model/2.0M2/rdf4j-model-2.0M2.jar
2016-06-25 22:16:27.520+0000 INFO  [o.n.k.i.DiagnosticsManager]  [classpath + loader.0] file:/Users/epi/.m2/repository/org/apache/httpcomponents/httpclient/4.5.2/httpclient-4.5.2.jar
2016-06-25 22:16:27.520+0000 INFO  [o.n.k.i.DiagnosticsManager]  [classpath + loader.0] file:/Users/epi/.m2/repository/org/eclipse/rdf4j/rdf4j-queryalgebra-evaluation/2.0M2/rdf4j-queryalgebra-evaluation-2.0M2.jar
2016-06-25 22:16:27.521+0000 INFO  [o.n.k.i.DiagnosticsManager]  [classpath + loader.0] file:/Users/epi/.m2/repository/org/neo4j/neo4j-primitive-collections/3.1.0-M03/neo4j-primitive-collections-3.1.0-M03.jar
2016-06-25 22:16:27.521+0000 INFO  [o.n.k.i.DiagnosticsManager]  [classpath + loader.0] file:/Users/epi/.m2/repository/org/eclipse/rdf4j/rdf4j-query/2.0M2/rdf4j-query-2.0M2.jar
2016-06-25 22:16:27.521+0000 INFO  [o.n.k.i.DiagnosticsManager]  [classpath + loader.0] file:/Users/epi/.m2/repository/org/eclipse/rdf4j/rdf4j-rio-nquads/2.0M2/rdf4j-rio-nquads-2.0M2.jar
2016-06-25 22:16:27.521+0000 INFO  [o.n.k.i.DiagnosticsManager]  [classpath + loader.0] file:/Users/epi/.m2/repository/org/eclipse/rdf4j/rdf4j-rio-trix/2.0M2/rdf4j-rio-trix-2.0M2.jar
2016-06-25 22:16:27.521+0000 INFO  [o.n.k.i.DiagnosticsManager]  [classpath + loader.0] file:/Users/epi/.m2/repository/org/neo4j/neo4j-udc/3.1.0-M03/neo4j-udc-3.1.0-M03.jar
2016-06-25 22:16:27.521+0000 INFO  [o.n.k.i.DiagnosticsManager]  [classpath + loader.0] file:/Users/epi/.m2/repository/com/googlecode/concurrentlinkedhashmap/concurrentlinkedhashmap-lru/1.4.2/concurrentlinkedhashmap-lru-1.4.2.jar
2016-06-25 22:16:27.521+0000 INFO  [o.n.k.i.DiagnosticsManager]  [classpath + loader.0] file:/Users/epi/.m2/repository/org/eclipse/rdf4j/rdf4j-queryalgebra-model/2.0M2/rdf4j-queryalgebra-model-2.0M2.jar
2016-06-25 22:16:27.521+0000 INFO  [o.n.k.i.DiagnosticsManager]  [classpath + loader.0] file:/Users/epi/.m2/repository/com/opencsv/opencsv/3.2/opencsv-3.2.jar
2016-06-25 22:16:27.521+0000 INFO  [o.n.k.i.DiagnosticsManager]  [classpath + loader.0] file:/Users/epi/.m2/repository/org/apache/lucene/lucene-highlighter/5.2.1/lucene-highlighter-5.2.1.jar
2016-06-25 22:16:27.521+0000 INFO  [o.n.k.i.DiagnosticsManager]  [classpath + loader.0] file:/Users/epi/.m2/repository/com/google/guava/guava/19.0/guava-19.0.jar
2016-06-25 22:16:27.521+0000 INFO  [o.n.k.i.DiagnosticsManager]  [classpath + loader.0] file:/Users/epi/.m2/repository/org/apache/httpcomponents/httpclient-osgi/4.2.5/httpclient-osgi-4.2.5.jar
2016-06-25 22:16:27.521+0000 INFO  [o.n.k.i.DiagnosticsManager]  [classpath + loader.0] file:/Library/Java/JavaVirtualMachines/jdk1.8.0_91.jdk/Contents/Home/jre/lib/javaws.jar
2016-06-25 22:16:27.521+0000 INFO  [o.n.k.i.DiagnosticsManager]  [classpath + loader.0] file:/Users/epi/.m2/repository/org/apache/lucene/lucene-backward-codecs/5.5.0/lucene-backward-codecs-5.5.0.jar
2016-06-25 22:16:27.521+0000 INFO  [o.n.k.i.DiagnosticsManager]  [bootstrap + classpath + loader.0] file:/Library/Java/JavaVirtualMachines/jdk1.8.0_91.jdk/Contents/Home/jre/lib/jsse.jar
2016-06-25 22:16:27.521+0000 INFO  [o.n.k.i.DiagnosticsManager]  [classpath + loader.0] file:/Users/epi/.m2/repository/org/neo4j/neo4j-lucene-index/3.1.0-M03/neo4j-lucene-index-3.1.0-M03.jar
2016-06-25 22:16:27.521+0000 INFO  [o.n.k.i.DiagnosticsManager]  [loader.1] file:/Library/Java/JavaVirtualMachines/jdk1.8.0_91.jdk/Contents/Home/jre/lib/ext/jfxrt.jar
2016-06-25 22:16:27.521+0000 INFO  [o.n.k.i.DiagnosticsManager]  [classpath + loader.0] file:/Users/epi/.m2/repository/com/fasterxml/jackson/core/jackson-annotations/2.3.0/jackson-annotations-2.3.0.jar
2016-06-25 22:16:27.521+0000 INFO  [o.n.k.i.DiagnosticsManager]  [classpath + loader.0] file:/Users/epi/.m2/repository/org/neo4j/neo4j-cypher/3.1.0-M03/neo4j-cypher-3.1.0-M03.jar
2016-06-25 22:16:27.522+0000 INFO  [o.n.k.i.DiagnosticsManager]  [bootstrap + classpath + loader.0] file:/Library/Java/JavaVirtualMachines/jdk1.8.0_91.jdk/Contents/Home/jre/lib/jce.jar
2016-06-25 22:16:27.522+0000 INFO  [o.n.k.i.DiagnosticsManager]  [loader.1] file:/Library/Java/JavaVirtualMachines/jdk1.8.0_91.jdk/Contents/Home/jre/lib/ext/sunpkcs11.jar
2016-06-25 22:16:27.522+0000 INFO  [o.n.k.i.DiagnosticsManager]  [classpath + loader.0] file:/Library/Java/JavaVirtualMachines/jdk1.8.0_91.jdk/Contents/Home/lib/packager.jar
2016-06-25 22:16:27.522+0000 INFO  [o.n.k.i.DiagnosticsManager]  [classpath + loader.0] file:/Users/epi/.m2/repository/org/neo4j/neo4j-logging/3.1.0-M03/neo4j-logging-3.1.0-M03.jar
2016-06-25 22:16:27.522+0000 INFO  [o.n.k.i.DiagnosticsManager]  [classpath + loader.0] file:/Users/epi/.m2/repository/org/apache/httpcomponents/httpcore/4.4.4/httpcore-4.4.4.jar
2016-06-25 22:16:27.522+0000 INFO  [o.n.k.i.DiagnosticsManager]  [classpath + loader.0] file:/Users/epi/.m2/repository/org/projectlombok/lombok/1.16.8/lombok-1.16.8.jar
2016-06-25 22:16:27.524+0000 INFO  [o.n.k.i.DiagnosticsManager]  [classpath + loader.0] file:/Users/epi/.m2/repository/commons-lang/commons-lang/2.6/commons-lang-2.6.jar
2016-06-25 22:16:27.525+0000 INFO  [o.n.k.i.DiagnosticsManager]  [classpath + loader.0] file:/Users/epi/.m2/repository/net/sf/opencsv/opencsv/2.3/opencsv-2.3.jar
2016-06-25 22:16:27.525+0000 INFO  [o.n.k.i.DiagnosticsManager]  [classpath + loader.0] file:/Users/epi/.m2/repository/org/eclipse/rdf4j/rdf4j-rio-jsonld/2.0M2/rdf4j-rio-jsonld-2.0M2.jar
2016-06-25 22:16:27.525+0000 INFO  [o.n.k.i.DiagnosticsManager]  [classpath + loader.0] file:/Library/Java/JavaVirtualMachines/jdk1.8.0_91.jdk/Contents/Home/lib/javafx-mx.jar
2016-06-25 22:16:27.525+0000 INFO  [o.n.k.i.DiagnosticsManager]  [loader.1] file:/Library/Java/JavaVirtualMachines/jdk1.8.0_91.jdk/Contents/Home/jre/lib/ext/localedata.jar
2016-06-25 22:16:27.525+0000 INFO  [o.n.k.i.DiagnosticsManager]  [classpath + loader.0] file:/Users/epi/.m2/repository/org/eclipse/rdf4j/rdf4j-sail-federation/2.0M2/rdf4j-sail-federation-2.0M2.jar
2016-06-25 22:16:27.525+0000 INFO  [o.n.k.i.DiagnosticsManager]  [classpath + loader.0] file:/Library/Java/JavaVirtualMachines/jdk1.8.0_91.jdk/Contents/Home/lib/ant-javafx.jar
2016-06-25 22:16:27.525+0000 INFO  [o.n.k.i.DiagnosticsManager]  [classpath + loader.0] file:/Users/epi/.m2/repository/org/neo4j/neo4j-cypher-frontend-3.1/3.1.0-M03/neo4j-cypher-frontend-3.1-3.1.0-M03.jar
2016-06-25 22:16:27.525+0000 INFO  [o.n.k.i.DiagnosticsManager]  [loader.1] file:/Library/Java/JavaVirtualMachines/jdk1.8.0_91.jdk/Contents/Home/jre/lib/ext/sunjce_provider.jar
2016-06-25 22:16:27.525+0000 INFO  [o.n.k.i.DiagnosticsManager]  [classpath + loader.0] file:/Users/epi/.m2/repository/org/eclipse/rdf4j/rdf4j-repository-contextaware/2.0M2/rdf4j-repository-contextaware-2.0M2.jar
2016-06-25 22:16:27.525+0000 INFO  [o.n.k.i.DiagnosticsManager]  [classpath + loader.0] file:/Users/epi/.m2/repository/org/eclipse/rdf4j/rdf4j-sail-model/2.0M2/rdf4j-sail-model-2.0M2.jar
2016-06-25 22:16:27.526+0000 INFO  [o.n.k.i.DiagnosticsManager]  [classpath + loader.0] file:/Users/epi/.m2/repository/org/eclipse/rdf4j/rdf4j-rio-rdfxml/2.0M2/rdf4j-rio-rdfxml-2.0M2.jar
2016-06-25 22:16:27.526+0000 INFO  [o.n.k.i.DiagnosticsManager]  [classpath + loader.0] file:/Users/epi/.m2/repository/org/apache/lucene/lucene-misc/5.2.1/lucene-misc-5.2.1.jar
2016-06-25 22:16:27.526+0000 INFO  [o.n.k.i.DiagnosticsManager]  [classpath + loader.0] file:/Users/epi/.m2/repository/org/apache/lucene/lucene-memory/5.2.1/lucene-memory-5.2.1.jar
2016-06-25 22:16:27.526+0000 INFO  [o.n.k.i.DiagnosticsManager]  [classpath + loader.0] file:/Users/epi/.m2/repository/org/eclipse/rdf4j/rdf4j-sail-spin/2.0M2/rdf4j-sail-spin-2.0M2.jar
2016-06-25 22:16:27.526+0000 INFO  [o.n.k.i.DiagnosticsManager]  [bootstrap + classpath + loader.0] file:/Library/Java/JavaVirtualMachines/jdk1.8.0_91.jdk/Contents/Home/jre/lib/charsets.jar
2016-06-25 22:16:27.526+0000 INFO  [o.n.k.i.DiagnosticsManager]  [classpath + loader.0] file:/Users/epi/.m2/repository/org/apache/lucene/lucene-sandbox/5.2.1/lucene-sandbox-5.2.1.jar
2016-06-25 22:16:27.526+0000 INFO  [o.n.k.i.DiagnosticsManager]  [classpath + loader.0] file:/Users/epi/.m2/repository/org/eclipse/rdf4j/rdf4j-sail-memory/2.0M2/rdf4j-sail-memory-2.0M2.jar
2016-06-25 22:16:27.526+0000 INFO  [o.n.k.i.DiagnosticsManager]  [classpath + loader.0] file:/Users/epi/.m2/repository/org/scala-lang/scala-library/2.11.8/scala-library-2.11.8.jar
2016-06-25 22:16:27.526+0000 INFO  [o.n.k.i.DiagnosticsManager]  [loader.1] file:/opt/subversion/lib/libsvnjavahl-1.0.dylib
2016-06-25 22:16:27.526+0000 INFO  [o.n.k.i.DiagnosticsManager]  [classpath + loader.0] file:/Users/epi/.m2/repository/org/eclipse/rdf4j/rdf4j-queryresultio-api/2.0M2/rdf4j-queryresultio-api-2.0M2.jar
2016-06-25 22:16:27.526+0000 INFO  [o.n.k.i.DiagnosticsManager]  [bootstrap + classpath + loader.0] file:/Library/Java/JavaVirtualMachines/jdk1.8.0_91.jdk/Contents/Home/jre/lib/rt.jar
2016-06-25 22:16:27.527+0000 INFO  [o.n.k.i.DiagnosticsManager]  [classpath + loader.0] file:/Users/epi/.m2/repository/org/neo4j/neo4j-cypher-frontend-3.0/3.0.2/neo4j-cypher-frontend-3.0-3.0.2.jar
2016-06-25 22:16:27.527+0000 INFO  [o.n.k.i.DiagnosticsManager]  [classpath + loader.0] file:/Users/epi/.m2/repository/org/parboiled/parboiled-core/1.1.7/parboiled-core-1.1.7.jar
2016-06-25 22:16:27.527+0000 INFO  [o.n.k.i.DiagnosticsManager]  [classpath + loader.0] file:/Users/epi/.m2/repository/org/eclipse/rdf4j/rdf4j-rio-rdfjson/2.0M2/rdf4j-rio-rdfjson-2.0M2.jar
2016-06-25 22:16:27.527+0000 INFO  [o.n.k.i.DiagnosticsManager]  [classpath + loader.0] file:/Users/epi/.m2/repository/org/eclipse/rdf4j/rdf4j-http-protocol/2.0M2/rdf4j-http-protocol-2.0M2.jar
2016-06-25 22:16:27.527+0000 INFO  [o.n.k.i.DiagnosticsManager]  [classpath + loader.0] file:/Users/epi/.m2/repository/org/neo4j/neo4j-graphdb-api/3.1.0-M03/neo4j-graphdb-api-3.1.0-M03.jar
2016-06-25 22:16:27.527+0000 INFO  [o.n.k.i.DiagnosticsManager]  [classpath + loader.0] file:/Users/epi/.m2/repository/org/eclipse/rdf4j/rdf4j-queryresultio-sparqljson/2.0M2/rdf4j-queryresultio-sparqljson-2.0M2.jar
2016-06-25 22:16:27.527+0000 INFO  [o.n.k.i.DiagnosticsManager]  [classpath + loader.0] file:/Users/epi/.m2/repository/com/fasterxml/jackson/core/jackson-core/2.6.2/jackson-core-2.6.2.jar
2016-06-25 22:16:27.527+0000 INFO  [o.n.k.i.DiagnosticsManager]  [classpath + loader.0] file:/Users/epi/Documents/workspace/convert-rdf-neo/target/classes/
2016-06-25 22:16:27.528+0000 INFO  [o.n.k.i.DiagnosticsManager]  [classpath + loader.0] file:/Users/epi/.m2/repository/org/apache/httpcomponents/httpclient-cache/4.2.5/httpclient-cache-4.2.5.jar
2016-06-25 22:16:27.528+0000 INFO  [o.n.k.i.DiagnosticsManager]  [classpath + loader.0] file:/Users/epi/.m2/repository/org/neo4j/neo4j-lucene-upgrade/3.1.0-M03/neo4j-lucene-upgrade-3.1.0-M03.jar
2016-06-25 22:16:27.528+0000 INFO  [o.n.k.i.DiagnosticsManager]  [classpath + loader.0] file:/Users/epi/.m2/repository/org/apache/lucene/lucene-analyzers-common/5.2.1/lucene-analyzers-common-5.2.1.jar
2016-06-25 22:16:27.528+0000 INFO  [o.n.k.i.DiagnosticsManager]  [classpath + loader.0] file:/Users/epi/.m2/repository/org/apache/lucene/lucene-core/5.2.1/lucene-core-5.2.1.jar
2016-06-25 22:16:27.528+0000 INFO  [o.n.k.i.DiagnosticsManager]  [classpath + loader.0] file:/Users/epi/.m2/repository/org/apache/lucene/lucene-join/5.2.1/lucene-join-5.2.1.jar
2016-06-25 22:16:27.528+0000 INFO  [o.n.k.i.DiagnosticsManager]  [classpath + loader.0] file:/Users/epi/.m2/repository/org/neo4j/neo4j-graph-matching/3.1.0-M03/neo4j-graph-matching-3.1.0-M03.jar
2016-06-25 22:16:27.528+0000 INFO  [o.n.k.i.DiagnosticsManager]  [classpath + loader.0] file:/Users/epi/.m2/repository/org/eclipse/rdf4j/rdf4j-queryparser-serql/2.0M2/rdf4j-queryparser-serql-2.0M2.jar
2016-06-25 22:16:27.528+0000 INFO  [o.n.k.i.DiagnosticsManager]  [classpath + loader.0] file:/Users/epi/.m2/repository/org/scala-lang/scala-reflect/2.11.8/scala-reflect-2.11.8.jar
2016-06-25 22:16:27.528+0000 INFO  [o.n.k.i.DiagnosticsManager]  [classpath + loader.0] file:/Users/epi/.m2/repository/org/slf4j/slf4j-api/1.7.10/slf4j-api-1.7.10.jar
2016-06-25 22:16:27.528+0000 INFO  [o.n.k.i.DiagnosticsManager]  [classpath + loader.0] file:/Library/Java/JavaVirtualMachines/jdk1.8.0_91.jdk/Contents/Home/jre/lib/deploy.jar
2016-06-25 22:16:27.528+0000 INFO  [o.n.k.i.DiagnosticsManager]  [classpath + loader.0] file:/Library/Java/JavaVirtualMachines/jdk1.8.0_91.jdk/Contents/Home/lib/dt.jar
2016-06-25 22:16:27.528+0000 INFO  [o.n.k.i.DiagnosticsManager]  [loader.1] file:/Library/Java/JavaVirtualMachines/jdk1.8.0_91.jdk/Contents/Home/jre/lib/ext/sunec.jar
2016-06-25 22:16:27.528+0000 INFO  [o.n.k.i.DiagnosticsManager]  [classpath + loader.0] file:/Users/epi/.m2/repository/org/parboiled/parboiled-scala_2.11/1.1.7/parboiled-scala_2.11-1.1.7.jar
2016-06-25 22:16:27.528+0000 INFO  [o.n.k.i.DiagnosticsManager]  [classpath + loader.0] file:/Users/epi/.m2/repository/org/neo4j/neo4j-common/3.1.0-M03/neo4j-common-3.1.0-M03.jar
2016-06-25 22:16:27.528+0000 INFO  [o.n.k.i.DiagnosticsManager]  [classpath + loader.0] file:/Library/Java/JavaVirtualMachines/jdk1.8.0_91.jdk/Contents/Home/lib/sa-jdi.jar
2016-06-25 22:16:27.528+0000 INFO  [o.n.k.i.DiagnosticsManager]  [loader.1] file:/Library/Java/JavaVirtualMachines/jdk1.8.0_91.jdk/Contents/Home/jre/lib/ext/cldrdata.jar
2016-06-25 22:16:27.528+0000 INFO  [o.n.k.i.DiagnosticsManager]  [classpath + loader.0] file:/Users/epi/.m2/repository/org/eclipse/rdf4j/rdf4j-queryresultio-sparqlxml/2.0M2/rdf4j-queryresultio-sparqlxml-2.0M2.jar
2016-06-25 22:16:27.528+0000 INFO  [o.n.k.i.DiagnosticsManager]  [classpath + loader.0] file:/Users/epi/.m2/repository/org/eclipse/rdf4j/rdf4j-sail-api/2.0M2/rdf4j-sail-api-2.0M2.jar
2016-06-25 22:16:27.529+0000 INFO  [o.n.k.i.DiagnosticsManager]  [classpath + loader.0] file:/Users/epi/.m2/repository/org/neo4j/neo4j-codegen/3.1.0-M03/neo4j-codegen-3.1.0-M03.jar
2016-06-25 22:16:27.529+0000 INFO  [o.n.k.i.DiagnosticsManager]  [classpath + loader.0] file:/Users/epi/.m2/repository/commons-codec/commons-codec/1.10/commons-codec-1.10.jar
2016-06-25 22:16:27.529+0000 INFO  [o.n.k.i.DiagnosticsManager]  [classpath + loader.0] file:/Users/epi/.m2/repository/org/apache/httpcomponents/httpmime/4.2.5/httpmime-4.2.5.jar
2016-06-25 22:16:27.529+0000 INFO  [o.n.k.i.DiagnosticsManager]  [classpath + loader.0] file:/Users/epi/.m2/repository/org/eclipse/rdf4j/rdf4j-sail-lucene/2.0M2/rdf4j-sail-lucene-2.0M2.jar
2016-06-25 22:16:27.529+0000 INFO  [o.n.k.i.DiagnosticsManager]  [classpath + loader.0] file:/Users/epi/.m2/repository/org/eclipse/rdf4j/rdf4j-rio-datatypes/2.0M2/rdf4j-rio-datatypes-2.0M2.jar
2016-06-25 22:16:27.529+0000 INFO  [o.n.k.i.DiagnosticsManager]  [classpath + loader.0] file:/Library/Java/JavaVirtualMachines/jdk1.8.0_91.jdk/Contents/Home/jre/lib/plugin.jar
2016-06-25 22:16:27.529+0000 INFO  [o.n.k.i.DiagnosticsManager]  [classpath + loader.0] file:/Library/Java/JavaVirtualMachines/jdk1.8.0_91.jdk/Contents/Home/jre/lib/jfxswt.jar
2016-06-25 22:16:27.529+0000 INFO  [o.n.k.i.DiagnosticsManager]  [classpath + loader.0] file:/Users/epi/.m2/repository/org/neo4j/neo4j-cypher-compiler-3.0/3.0.2/neo4j-cypher-compiler-3.0-3.0.2.jar
2016-06-25 22:16:27.529+0000 INFO  [o.n.k.i.DiagnosticsManager]  [loader.1] file:/System/Library/Java/Extensions/MRJToolkit.jar
2016-06-25 22:16:27.529+0000 INFO  [o.n.k.i.DiagnosticsManager]  [classpath + loader.0] file:/Users/epi/.m2/repository/org/eclipse/rdf4j/rdf4j-queryparser-api/2.0M2/rdf4j-queryparser-api-2.0M2.jar
2016-06-25 22:16:27.529+0000 INFO  [o.n.k.i.DiagnosticsManager]  [classpath + loader.0] file:/Users/epi/.m2/repository/org/neo4j/neo4j/3.1.0-M03/neo4j-3.1.0-M03.jar
2016-06-25 22:16:27.529+0000 INFO  [o.n.k.i.DiagnosticsManager]  [classpath + loader.0] file:/Users/epi/.m2/repository/org/neo4j/neo4j-resource/3.1.0-M03/neo4j-resource-3.1.0-M03.jar
2016-06-25 22:16:27.529+0000 INFO  [o.n.k.i.DiagnosticsManager]  [classpath + loader.0] file:/Users/epi/.m2/repository/org/eclipse/rdf4j/rdf4j-rio-languages/2.0M2/rdf4j-rio-languages-2.0M2.jar
2016-06-25 22:16:27.529+0000 INFO  [o.n.k.i.DiagnosticsManager]  [classpath + loader.0] file:/Users/epi/.m2/repository/org/eclipse/rdf4j/rdf4j-spin/2.0M2/rdf4j-spin-2.0M2.jar
2016-06-25 22:16:27.529+0000 INFO  [o.n.k.i.DiagnosticsManager]  [classpath + loader.0] file:/Users/epi/.m2/repository/org/codehaus/mojo/animal-sniffer-annotations/1.14/animal-sniffer-annotations-1.14.jar
2016-06-25 22:16:27.529+0000 INFO  [o.n.k.i.DiagnosticsManager]  [classpath + loader.0] file:/Users/epi/.m2/repository/org/apache/httpcomponents/httpcore-osgi/4.2.5/httpcore-osgi-4.2.5.jar
2016-06-25 22:16:27.529+0000 INFO  [o.n.k.i.DiagnosticsManager]  [classpath + loader.0] file:/Users/epi/.m2/repository/org/apache/lucene/lucene-spatial/5.2.1/lucene-spatial-5.2.1.jar
2016-06-25 22:16:27.531+0000 INFO  [o.n.k.i.DiagnosticsManager]  [classpath + loader.0] file:/Users/epi/.m2/repository/org/neo4j/neo4j-cypher-compiler-3.1/3.1.0-M03/neo4j-cypher-compiler-3.1-3.1.0-M03.jar
2016-06-25 22:16:27.531+0000 INFO  [o.n.k.i.DiagnosticsManager]  [loader.1] file:/Library/Java/JavaVirtualMachines/jdk1.8.0_91.jdk/Contents/Home/jre/lib/ext/zipfs.jar
2016-06-25 22:16:27.532+0000 INFO  [o.n.k.i.DiagnosticsManager]  [loader.1] file:/Library/Java/JavaVirtualMachines/jdk1.8.0_91.jdk/Contents/Home/jre/lib/ext/jaccess.jar
2016-06-25 22:16:27.532+0000 INFO  [o.n.k.i.DiagnosticsManager]  [classpath] /Applications/IntelliJ IDEA CE.app/Contents/lib/idea_rt.jar
2016-06-25 22:16:27.532+0000 INFO  [o.n.k.i.DiagnosticsManager]  [classpath + loader.0] file:/Users/epi/.m2/repository/org/eclipse/rdf4j/rdf4j-rio-binary/2.0M2/rdf4j-rio-binary-2.0M2.jar
2016-06-25 22:16:27.532+0000 INFO  [o.n.k.i.DiagnosticsManager]  [classpath + loader.0] file:/Users/epi/.m2/repository/org/neo4j/neo4j-cypher-compiler-2.3/2.3.4/neo4j-cypher-compiler-2.3-2.3.4.jar
2016-06-25 22:16:27.532+0000 INFO  [o.n.k.i.DiagnosticsManager]  [classpath + loader.0] file:/Users/epi/.m2/repository/org/eclipse/rdf4j/rdf4j-queryparser-sparql/2.0M2/rdf4j-queryparser-sparql-2.0M2.jar
2016-06-25 22:16:27.532+0000 INFO  [o.n.k.i.DiagnosticsManager]  [classpath + loader.0] file:/Users/epi/.m2/repository/org/apache/lucene/lucene-queries/5.2.1/lucene-queries-5.2.1.jar
2016-06-25 22:16:27.532+0000 INFO  [o.n.k.i.DiagnosticsManager]  [classpath + loader.0] file:/Users/epi/.m2/repository/org/eclipse/rdf4j/rdf4j-sail-base/2.0M2/rdf4j-sail-base-2.0M2.jar
2016-06-25 22:16:27.532+0000 INFO  [o.n.k.i.DiagnosticsManager]  [classpath + loader.0] file:/Users/epi/.m2/repository/org/neo4j/neo4j-unsafe/3.1.0-M03/neo4j-unsafe-3.1.0-M03.jar
2016-06-25 22:16:27.532+0000 INFO  [o.n.k.i.DiagnosticsManager]  [classpath + loader.0] file:/Users/epi/.m2/repository/org/neo4j/neo4j-jmx/3.1.0-M03/neo4j-jmx-3.1.0-M03.jar
2016-06-25 22:16:27.532+0000 INFO  [o.n.k.i.DiagnosticsManager]  [bootstrap] /Library/Java/JavaVirtualMachines/jdk1.8.0_91.jdk/Contents/Home/jre/classes
2016-06-25 22:16:27.538+0000 INFO  [o.n.k.i.DiagnosticsManager]  [classpath + loader.0] file:/Users/epi/.m2/repository/org/eclipse/rdf4j/rdf4j-repository-dataset/2.0M2/rdf4j-repository-dataset-2.0M2.jar
2016-06-25 22:16:27.538+0000 INFO  [o.n.k.i.DiagnosticsManager]  [classpath + loader.0] file:/Users/epi/.m2/repository/org/eclipse/rdf4j/rdf4j-util/2.0M2/rdf4j-util-2.0M2.jar
2016-06-25 22:16:27.538+0000 INFO  [o.n.k.i.DiagnosticsManager]  [classpath + loader.0] file:/Users/epi/.m2/repository/org/eclipse/rdf4j/rdf4j-queryresultio-text/2.0M2/rdf4j-queryresultio-text-2.0M2.jar
2016-06-25 22:16:27.538+0000 INFO  [o.n.k.i.DiagnosticsManager]  [bootstrap + classpath + loader.0] file:/Library/Java/JavaVirtualMachines/jdk1.8.0_91.jdk/Contents/Home/jre/lib/jfr.jar
2016-06-25 22:16:27.538+0000 INFO  [o.n.k.i.DiagnosticsManager]  [loader.1] file:/Library/Java/JavaVirtualMachines/jdk1.8.0_91.jdk/Contents/Home/jre/lib/ext/dnsns.jar
2016-06-25 22:16:27.538+0000 INFO  [o.n.k.i.DiagnosticsManager]  [classpath + loader.0] file:/Users/epi/.m2/repository/org/eclipse/rdf4j/rdf4j-rio-api/2.0M2/rdf4j-rio-api-2.0M2.jar
2016-06-25 22:16:27.538+0000 INFO  [o.n.k.i.DiagnosticsManager]  [classpath + loader.0] file:/Library/Java/JavaVirtualMachines/jdk1.8.0_91.jdk/Contents/Home/lib/tools.jar
2016-06-25 22:16:27.538+0000 INFO  [o.n.k.i.DiagnosticsManager]  [classpath + loader.0] file:/Users/epi/.m2/repository/org/neo4j/neo4j-graph-algo/3.1.0-M03/neo4j-graph-algo-3.1.0-M03.jar
2016-06-25 22:16:27.538+0000 INFO  [o.n.k.i.DiagnosticsManager]  [classpath + loader.0] file:/Users/epi/.m2/repository/com/github/jsonld-java/jsonld-java/0.7.0/jsonld-java-0.7.0.jar
2016-06-25 22:16:27.538+0000 INFO  [o.n.k.i.DiagnosticsManager]  [classpath + loader.0] file:/Users/epi/.m2/repository/org/apache/lucene/lucene-codecs/5.5.0/lucene-codecs-5.5.0.jar
2016-06-25 22:16:27.538+0000 INFO  [o.n.k.i.DiagnosticsManager]  [classpath + loader.0] file:/Users/epi/.m2/repository/org/apache/lucene/lucene-queryparser/5.2.1/lucene-queryparser-5.2.1.jar
2016-06-25 22:16:27.538+0000 INFO  [o.n.k.i.DiagnosticsManager]  [loader.1] file:/Library/Java/JavaVirtualMachines/jdk1.8.0_91.jdk/Contents/Home/jre/lib/ext/nashorn.jar
2016-06-25 22:16:27.538+0000 INFO  [o.n.k.i.DiagnosticsManager]  [classpath + loader.0] file:/Library/Java/JavaVirtualMachines/jdk1.8.0_91.jdk/Contents/Home/lib/jconsole.jar
2016-06-25 22:16:27.539+0000 INFO  [o.n.k.i.DiagnosticsManager]  [classpath + loader.0] file:/Users/epi/.m2/repository/org/eclipse/rdf4j/rdf4j-http-client/2.0M2/rdf4j-http-client-2.0M2.jar
2016-06-25 22:16:27.539+0000 INFO  [o.n.k.i.DiagnosticsManager]  [classpath + loader.0] file:/Users/epi/.m2/repository/org/eclipse/rdf4j/rdf4j-repository-sparql/2.0M2/rdf4j-repository-sparql-2.0M2.jar
2016-06-25 22:16:27.539+0000 INFO  [o.n.k.i.DiagnosticsManager] Library path:
2016-06-25 22:16:27.551+0000 INFO  [o.n.k.i.DiagnosticsManager] /Users/epi/Library/Java/Extensions
2016-06-25 22:16:27.551+0000 INFO  [o.n.k.i.DiagnosticsManager] /Library/Java/Extensions
2016-06-25 22:16:27.551+0000 INFO  [o.n.k.i.DiagnosticsManager] /Network/Library/Java/Extensions
2016-06-25 22:16:27.556+0000 INFO  [o.n.k.i.DiagnosticsManager] /System/Library/Java/Extensions
2016-06-25 22:16:27.556+0000 INFO  [o.n.k.i.DiagnosticsManager] /usr/lib/java
2016-06-25 22:16:27.556+0000 INFO  [o.n.k.i.DiagnosticsManager] /Users/epi/Documents/workspace/convert-rdf-neo
2016-06-25 22:16:27.556+0000 INFO  [o.n.k.i.DiagnosticsManager] System.properties:
2016-06-25 22:16:27.557+0000 INFO  [o.n.k.i.DiagnosticsManager] sun.boot.library.path = /Library/Java/JavaVirtualMachines/jdk1.8.0_91.jdk/Contents/Home/jre/lib
2016-06-25 22:16:27.557+0000 INFO  [o.n.k.i.DiagnosticsManager] gopherProxySet = false
2016-06-25 22:16:27.557+0000 INFO  [o.n.k.i.DiagnosticsManager] path.separator = :
2016-06-25 22:16:27.557+0000 INFO  [o.n.k.i.DiagnosticsManager] idea.launcher.port = 7537
2016-06-25 22:16:27.557+0000 INFO  [o.n.k.i.DiagnosticsManager] file.encoding.pkg = sun.io
2016-06-25 22:16:27.557+0000 INFO  [o.n.k.i.DiagnosticsManager] user.country = GB
2016-06-25 22:16:27.557+0000 INFO  [o.n.k.i.DiagnosticsManager] sun.java.launcher = SUN_STANDARD
2016-06-25 22:16:27.557+0000 INFO  [o.n.k.i.DiagnosticsManager] sun.os.patch.level = unknown
2016-06-25 22:16:27.557+0000 INFO  [o.n.k.i.DiagnosticsManager] user.dir = /Users/epi/Documents/workspace/convert-rdf-neo
2016-06-25 22:16:27.557+0000 INFO  [o.n.k.i.DiagnosticsManager] sun.jnu.encoding = UTF-8
2016-06-25 22:16:27.557+0000 INFO  [o.n.k.i.DiagnosticsManager] sun.management.compiler = HotSpot 64-Bit Tiered Compilers
2016-06-25 22:16:27.557+0000 INFO  [o.n.k.i.DiagnosticsManager] http.nonProxyHosts = local|*.local|169.254/16|*.169.254/16
2016-06-25 22:16:27.557+0000 INFO  [o.n.k.i.DiagnosticsManager] user.home = /Users/epi
2016-06-25 22:16:27.557+0000 INFO  [o.n.k.i.DiagnosticsManager] user.timezone = Europe/London
2016-06-25 22:16:27.557+0000 INFO  [o.n.k.i.DiagnosticsManager] file.encoding = UTF-8
2016-06-25 22:16:27.557+0000 INFO  [o.n.k.i.DiagnosticsManager] idea.launcher.bin.path = /Applications/IntelliJ IDEA CE.app/Contents/bin
2016-06-25 22:16:27.558+0000 INFO  [o.n.k.i.DiagnosticsManager] user.name = epi
2016-06-25 22:16:27.558+0000 INFO  [o.n.k.i.DiagnosticsManager] sun.java.command = com.intellij.rt.execution.application.AppMain convert.RdfToNeoImporter
2016-06-25 22:16:27.558+0000 INFO  [o.n.k.i.DiagnosticsManager] sun.arch.data.model = 64
2016-06-25 22:16:27.558+0000 INFO  [o.n.k.i.DiagnosticsManager] user.language = en
2016-06-25 22:16:27.558+0000 INFO  [o.n.k.i.DiagnosticsManager] awt.toolkit = sun.lwawt.macosx.LWCToolkit
2016-06-25 22:16:27.558+0000 INFO  [o.n.k.i.DiagnosticsManager] file.separator = /
2016-06-25 22:16:27.558+0000 INFO  [o.n.k.i.DiagnosticsManager] sun.io.unicode.encoding = UnicodeBig
2016-06-25 22:16:27.558+0000 INFO  [o.n.k.i.DiagnosticsManager] sun.cpu.endian = little
2016-06-25 22:16:27.558+0000 INFO  [o.n.k.i.DiagnosticsManager] socksNonProxyHosts = local|*.local|169.254/16|*.169.254/16
2016-06-25 22:16:27.558+0000 INFO  [o.n.k.i.DiagnosticsManager] ftp.nonProxyHosts = local|*.local|169.254/16|*.169.254/16
2016-06-25 22:16:27.558+0000 INFO  [o.n.k.i.DiagnosticsManager] sun.cpu.isalist = 
2016-06-25 22:16:27.558+0000 INFO  [o.n.k.i.DiagnosticsManager] Network information:
2016-06-25 22:16:27.559+0000 INFO  [o.n.k.i.DiagnosticsManager] Interface awdl0:
2016-06-25 22:16:27.561+0000 INFO  [o.n.k.i.DiagnosticsManager]     address: fe80:0:0:0:c825:f2ff:fec5:193b%awdl0
2016-06-25 22:16:27.561+0000 INFO  [o.n.k.i.DiagnosticsManager] Interface en0:
2016-06-25 22:16:27.561+0000 INFO  [o.n.k.i.DiagnosticsManager]     address: fe80:0:0:0:bae8:56ff:fe2e:6020%en0
2016-06-25 22:16:27.561+0000 INFO  [o.n.k.i.DiagnosticsManager]     address: 192.168.1.68
2016-06-25 22:16:27.561+0000 INFO  [o.n.k.i.DiagnosticsManager] Interface lo0:
2016-06-25 22:16:27.561+0000 INFO  [o.n.k.i.DiagnosticsManager]     address: fe80:0:0:0:0:0:0:1%lo0
2016-06-25 22:16:27.561+0000 INFO  [o.n.k.i.DiagnosticsManager]     address: 0:0:0:0:0:0:0:1
2016-06-25 22:16:27.562+0000 INFO  [o.n.k.i.DiagnosticsManager]     address: 127.0.0.1
2016-06-25 22:16:27.562+0000 INFO  [o.n.k.i.DiagnosticsManager] --- INITIALIZED diagnostics END ---
2016-06-25 22:16:27.627+0000 INFO  [o.n.k.i.DiagnosticsManager] --- SHUTDOWN diagnostics START ---
2016-06-25 22:16:27.627+0000 INFO  [o.n.k.i.DiagnosticsManager] --- SHUTDOWN diagnostics END ---
